0 info it worked if it ends with ok
1 verbose cli [ 'C:\\Program Files\\nodejs\\node.exe',
1 verbose cli   'C:\\Program Files\\nodejs\\node_modules\\npm\\bin\\npm-cli.js',
1 verbose cli   'install',
1 verbose cli   '-g',
1 verbose cli   'google-fonts-offline',
1 verbose cli   'goofoffline',
1 verbose cli   'https://fonts.googleapis.com/css?family=Lato' ]
2 info using npm@3.10.10
3 info using node@v6.9.5
4 silly loadCurrentTree Starting
5 silly install loadCurrentTree
6 silly install readGlobalPackageData
7 silly fetchPackageMetaData google-fonts-offline
8 silly fetchPackageMetaData goofoffline
9 silly fetchPackageMetaData https://fonts.googleapis.com/css?family=Lato
10 silly fetchNamedPackageData google-fonts-offline
11 silly mapToRegistry name google-fonts-offline
12 silly mapToRegistry using default registry
13 silly mapToRegistry registry https://registry.npmjs.org/
14 silly mapToRegistry data Result {
14 silly mapToRegistry   raw: 'google-fonts-offline',
14 silly mapToRegistry   scope: null,
14 silly mapToRegistry   escapedName: 'google-fonts-offline',
14 silly mapToRegistry   name: 'google-fonts-offline',
14 silly mapToRegistry   rawSpec: '',
14 silly mapToRegistry   spec: 'latest',
14 silly mapToRegistry   type: 'tag' }
15 silly mapToRegistry uri https://registry.npmjs.org/google-fonts-offline
16 silly fetchNamedPackageData goofoffline
17 silly mapToRegistry name goofoffline
18 silly mapToRegistry using default registry
19 silly mapToRegistry registry https://registry.npmjs.org/
20 silly mapToRegistry data Result {
20 silly mapToRegistry   raw: 'goofoffline',
20 silly mapToRegistry   scope: null,
20 silly mapToRegistry   escapedName: 'goofoffline',
20 silly mapToRegistry   name: 'goofoffline',
20 silly mapToRegistry   rawSpec: '',
20 silly mapToRegistry   spec: 'latest',
20 silly mapToRegistry   type: 'tag' }
21 silly mapToRegistry uri https://registry.npmjs.org/goofoffline
22 silly fetchOtherPackageData https://fonts.googleapis.com/css?family=Lato
23 silly cache add args [ 'https://fonts.googleapis.com/css?family=Lato', null ]
24 verbose cache add spec https://fonts.googleapis.com/css?family=Lato
25 verbose request uri https://registry.npmjs.org/goofoffline
26 verbose request no auth needed
27 info attempt registry request try #1 at 17:48:09
28 verbose request id 21700e8641a3f8cf
29 http request GET https://registry.npmjs.org/goofoffline
30 silly cache add parsed spec Result {
30 silly cache add   raw: 'https://fonts.googleapis.com/css?family=Lato',
30 silly cache add   scope: null,
30 silly cache add   escapedName: null,
30 silly cache add   name: null,
30 silly cache add   rawSpec: 'https://fonts.googleapis.com/css?family=Lato',
30 silly cache add   spec: 'https://fonts.googleapis.com/css?family=Lato',
30 silly cache add   type: 'remote' }
31 silly mapToRegistry name https://fonts.googleapis.com/css?family=Lato
32 silly mapToRegistry using default registry
33 silly mapToRegistry registry https://registry.npmjs.org/
34 silly mapToRegistry data Result {
34 silly mapToRegistry   raw: 'https://fonts.googleapis.com/css?family=Lato',
34 silly mapToRegistry   scope: null,
34 silly mapToRegistry   escapedName: null,
34 silly mapToRegistry   name: null,
34 silly mapToRegistry   rawSpec: 'https://fonts.googleapis.com/css?family=Lato',
34 silly mapToRegistry   spec: 'https://fonts.googleapis.com/css?family=Lato',
34 silly mapToRegistry   type: 'remote' }
35 silly mapToRegistry uri https://fonts.googleapis.com/css?family=Lato
36 verbose addRemoteTarball https://fonts.googleapis.com/css?family=Lato not in flight; adding
37 verbose addRemoteTarball [ 'https://fonts.googleapis.com/css?family=Lato', null ]
38 verbose request uri https://registry.npmjs.org/google-fonts-offline
39 verbose request no auth needed
40 info attempt registry request try #1 at 17:48:09
41 verbose etag W/"e33281b711aca83249cb15b101049d9e"
42 verbose lastModified Fri, 04 Jan 2019 00:25:40 GMT
43 http request GET https://registry.npmjs.org/google-fonts-offline
44 info retry fetch attempt 1 at 17:48:09
45 info attempt registry request try #1 at 17:48:09
46 http fetch GET https://fonts.googleapis.com/css?family=Lato
47 http fetch 200 https://fonts.googleapis.com/css?family=Lato
48 silly fetchAndShaCheck shasum a63dbab58ac0fd566e57cc8fc806d09993e1fa11
49 verbose addTmpTarball C:\Users\pajak\AppData\Local\Temp\npm-4996-e73999bc\fonts.googleapis.com\css_3Ffamily_3DLato not in flight; adding
50 verbose correctMkdir C:\Users\pajak\AppData\Roaming\npm-cache correctMkdir not in flight; initializing
51 verbose addTmpTarball validating metadata from C:\Users\pajak\AppData\Local\Temp\npm-4996-e73999bc\fonts.googleapis.com\css_3Ffamily_3DLato
52 verbose tar unpack C:\Users\pajak\AppData\Local\Temp\npm-4996-e73999bc\fonts.googleapis.com\css_3Ffamily_3DLato
53 verbose tar unpacking to C:\Users\pajak\AppData\Local\Temp\npm-4996-e73999bc\unpack-6e2b2525
54 silly gentlyRm C:\Users\pajak\AppData\Local\Temp\npm-4996-e73999bc\unpack-6e2b2525 is being purged
55 verbose gentlyRm don't care about contents; nuking C:\Users\pajak\AppData\Local\Temp\npm-4996-e73999bc\unpack-6e2b2525
56 silly gunzTarPerm modes [ '777', '666' ]
57 error not a package C:\Users\pajak\AppData\Local\Temp\npm-4996-e73999bc\fonts.googleapis.com\css_3Ffamily_3DLato
58 silly fetchPackageMetaData Error: ENOENT: no such file or directory, open 'C:\Users\pajak\AppData\Local\Temp\npm-4996-e73999bc\unpack-6e2b2525\package.json'
58 silly fetchPackageMetaData     at Error (native)
58 silly fetchPackageMetaData  error for https://fonts.googleapis.com/css?family=Lato { Error: ENOENT: no such file or directory, open 'C:\Users\pajak\AppData\Local\Temp\npm-4996-e73999bc\unpack-6e2b2525\package.json'
58 silly fetchPackageMetaData     at Error (native)
58 silly fetchPackageMetaData   errno: -4058,
58 silly fetchPackageMetaData   code: 'ENOENT',
58 silly fetchPackageMetaData   syscall: 'open',
58 silly fetchPackageMetaData   path: 'C:\\Users\\pajak\\AppData\\Local\\Temp\\npm-4996-e73999bc\\unpack-6e2b2525\\package.json' }
59 http 304 https://registry.npmjs.org/google-fonts-offline
60 verbose headers { date: 'Thu, 20 Jun 2019 10:48:09 GMT',
60 verbose headers   connection: 'close',
60 verbose headers   'set-cookie': [ '__cfduid=d643ec440a539651277f6a1dadce9fce21561027689; expires=Fri, 19-Jun-20 10:48:09 GMT; path=/; domain=.npmjs.org; HttpOnly' ],
60 verbose headers   'cf-cache-status': 'HIT',
60 verbose headers   'cache-control': 'max-age=300',
60 verbose headers   'cf-ray': '4e9d2b358f0dd9f0-SIN',
60 verbose headers   etag: '"e33281b711aca83249cb15b101049d9e"',
60 verbose headers   'expect-ct': 'max-age=604800, report-uri="https://report-uri.cloudflare.com/cdn-cgi/beacon/expect-ct"',
60 verbose headers   'last-modified': 'Fri, 04 Jan 2019 00:25:40 GMT',
60 verbose headers   vary: 'accept-encoding, accept',
60 verbose headers   'x-amz-meta-rev': '10-6022dff8168fdfcdc30f386af4082f17',
60 verbose headers   server: 'cloudflare' }
61 silly get cb [ 304,
61 silly get   { date: 'Thu, 20 Jun 2019 10:48:09 GMT',
61 silly get     connection: 'close',
61 silly get     'set-cookie': [ '__cfduid=d643ec440a539651277f6a1dadce9fce21561027689; expires=Fri, 19-Jun-20 10:48:09 GMT; path=/; domain=.npmjs.org; HttpOnly' ],
61 silly get     'cf-cache-status': 'HIT',
61 silly get     'cache-control': 'max-age=300',
61 silly get     'cf-ray': '4e9d2b358f0dd9f0-SIN',
61 silly get     etag: '"e33281b711aca83249cb15b101049d9e"',
61 silly get     'expect-ct': 'max-age=604800, report-uri="https://report-uri.cloudflare.com/cdn-cgi/beacon/expect-ct"',
61 silly get     'last-modified': 'Fri, 04 Jan 2019 00:25:40 GMT',
61 silly get     vary: 'accept-encoding, accept',
61 silly get     'x-amz-meta-rev': '10-6022dff8168fdfcdc30f386af4082f17',
61 silly get     server: 'cloudflare' } ]
62 verbose etag https://registry.npmjs.org/google-fonts-offline from cache
63 verbose get saving google-fonts-offline to C:\Users\pajak\AppData\Roaming\npm-cache\registry.npmjs.org\google-fonts-offline\.cache.json
64 verbose correctMkdir C:\Users\pajak\AppData\Roaming\npm-cache correctMkdir not in flight; initializing
65 http 404 https://registry.npmjs.org/goofoffline
66 verbose headers { date: 'Thu, 20 Jun 2019 10:48:10 GMT',
66 verbose headers   'content-type': 'application/json',
66 verbose headers   'content-length': '21',
66 verbose headers   connection: 'close',
66 verbose headers   'set-cookie': [ '__cfduid=d4f2e8b6ea8eb6e929cf55431e29930231561027689; expires=Fri, 19-Jun-20 10:48:09 GMT; path=/; domain=.npmjs.org; HttpOnly' ],
66 verbose headers   'cf-cache-status': 'MISS',
66 verbose headers   'cache-control': 'max-age=300',
66 verbose headers   'cf-ray': '4e9d2b3569897036-SIN',
66 verbose headers   'expect-ct': 'max-age=604800, report-uri="https://report-uri.cloudflare.com/cdn-cgi/beacon/expect-ct"',
66 verbose headers   vary: 'accept-encoding, accept',
66 verbose headers   server: 'cloudflare' }
67 silly get cb [ 404,
67 silly get   { date: 'Thu, 20 Jun 2019 10:48:10 GMT',
67 silly get     'content-type': 'application/json',
67 silly get     'content-length': '21',
67 silly get     connection: 'close',
67 silly get     'set-cookie': [ '__cfduid=d4f2e8b6ea8eb6e929cf55431e29930231561027689; expires=Fri, 19-Jun-20 10:48:09 GMT; path=/; domain=.npmjs.org; HttpOnly' ],
67 silly get     'cf-cache-status': 'MISS',
67 silly get     'cache-control': 'max-age=300',
67 silly get     'cf-ray': '4e9d2b3569897036-SIN',
67 silly get     'expect-ct': 'max-age=604800, report-uri="https://report-uri.cloudflare.com/cdn-cgi/beacon/expect-ct"',
67 silly get     vary: 'accept-encoding, accept',
67 silly get     server: 'cloudflare' } ]
68 silly fetchPackageMetaData Error: Not found : goofoffline
68 silly fetchPackageMetaData     at makeError (C:\Program Files\nodejs\node_modules\npm\node_modules\npm-registry-client\lib\request.js:302:12)
68 silly fetchPackageMetaData     at CachingRegistryClient.<anonymous> (C:\Program Files\nodejs\node_modules\npm\node_modules\npm-registry-client\lib\request.js:290:14)
68 silly fetchPackageMetaData     at Request._callback (C:\Program Files\nodejs\node_modules\npm\node_modules\npm-registry-client\lib\request.js:210:14)
68 silly fetchPackageMetaData     at Request.self.callback (C:\Program Files\nodejs\node_modules\npm\node_modules\request\request.js:187:22)
68 silly fetchPackageMetaData     at emitTwo (events.js:106:13)
68 silly fetchPackageMetaData     at Request.emit (events.js:191:7)
68 silly fetchPackageMetaData     at Request.<anonymous> (C:\Program Files\nodejs\node_modules\npm\node_modules\request\request.js:1048:10)
68 silly fetchPackageMetaData     at emitOne (events.js:96:13)
68 silly fetchPackageMetaData     at Request.emit (events.js:188:7)
68 silly fetchPackageMetaData     at IncomingMessage.<anonymous> (C:\Program Files\nodejs\node_modules\npm\node_modules\request\request.js:969:12)
68 silly fetchPackageMetaData  error for goofoffline { Error: Not found : goofoffline
68 silly fetchPackageMetaData     at makeError (C:\Program Files\nodejs\node_modules\npm\node_modules\npm-registry-client\lib\request.js:302:12)
68 silly fetchPackageMetaData     at CachingRegistryClient.<anonymous> (C:\Program Files\nodejs\node_modules\npm\node_modules\npm-registry-client\lib\request.js:290:14)
68 silly fetchPackageMetaData     at Request._callback (C:\Program Files\nodejs\node_modules\npm\node_modules\npm-registry-client\lib\request.js:210:14)
68 silly fetchPackageMetaData     at Request.self.callback (C:\Program Files\nodejs\node_modules\npm\node_modules\request\request.js:187:22)
68 silly fetchPackageMetaData     at emitTwo (events.js:106:13)
68 silly fetchPackageMetaData     at Request.emit (events.js:191:7)
68 silly fetchPackageMetaData     at Request.<anonymous> (C:\Program Files\nodejs\node_modules\npm\node_modules\request\request.js:1048:10)
68 silly fetchPackageMetaData     at emitOne (events.js:96:13)
68 silly fetchPackageMetaData     at Request.emit (events.js:188:7)
68 silly fetchPackageMetaData     at IncomingMessage.<anonymous> (C:\Program Files\nodejs\node_modules\npm\node_modules\request\request.js:969:12) pkgid: 'goofoffline', statusCode: 404, code: 'E404' }
69 silly rollbackFailedOptional Starting
70 silly rollbackFailedOptional Finishing
71 silly runTopLevelLifecycles Finishing
72 silly install printInstalled
73 verbose stack Error: ENOENT: no such file or directory, open 'C:\Users\pajak\AppData\Local\Temp\npm-4996-e73999bc\unpack-6e2b2525\package.json'
73 verbose stack     at Error (native)
74 verbose cwd c:\xampp\htdocs\simonjet\assets\fonts
75 error Windows_NT 6.1.7601
76 error argv "C:\\Program Files\\nodejs\\node.exe" "C:\\Program Files\\nodejs\\node_modules\\npm\\bin\\npm-cli.js" "install" "-g" "google-fonts-offline" "goofoffline" "https://fonts.googleapis.com/css?family=Lato"
77 error node v6.9.5
78 error npm  v3.10.10
79 error path C:\Users\pajak\AppData\Local\Temp\npm-4996-e73999bc\unpack-6e2b2525\package.json
80 error code ENOENT
81 error errno -4058
82 error syscall open
83 error enoent ENOENT: no such file or directory, open 'C:\Users\pajak\AppData\Local\Temp\npm-4996-e73999bc\unpack-6e2b2525\package.json'
84 error enoent ENOENT: no such file or directory, open 'C:\Users\pajak\AppData\Local\Temp\npm-4996-e73999bc\unpack-6e2b2525\package.json'
84 error enoent This is most likely not a problem with npm itself
84 error enoent and is related to npm not being able to find a file.
85 verbose exit [ -4058, true ]
